<?xml version="1.0" encoding="UTF-8"?>
<!-- Generated by org.testng.reporters.JUnitXMLReporter -->
<testsuite ignored="0" hostname="DESKTOP-47P2MTB" failures="0" tests="5" name="Default test" time="9.447" errors="0" timestamp="2023-07-01T19:39:40 IST">
  <testcase classname="day1.HTTPRequests" name="getUsers" time="6.075"/>
  <testcase classname="day1.HTTPRequests" name="createUser" time="1.718"/>
  <testcase classname="day1.HTTPRequests" name="createUser1" time="0.535"/>
  <testcase classname="day1.HTTPRequests" name="updateUser" time="0.498"/>
  <testcase classname="day1.HTTPRequests" name="deleteUser" time="0.464"/>
</testsuite> <!-- Default test -->
